# JRE version: OpenJDK Runtime Environment (8.0_76-b03) (build 1.8.0_76-release-b03)
# Java VM: OpenJDK 64-Bit Server VM (25.76-b03 mixed mode windows-amd64 compressed oops)
Heap:
 PSYoungGen      total 327680K, used 191401K [0x00000000eab00000, 0x0000000100000000, 0x0000000100000000)
  eden space 312320K, 56% used [0x00000000eab00000,0x00000000f56ec6e8,0x00000000fdc00000)
  from space 15360K, 99% used [0x00000000ff100000,0x00000000ffffdfb8,0x0000000100000000)
  to   space 18432K, 0% used [0x00000000fdc00000,0x00000000fdc00000,0x00000000fee00000)
 ParOldGen       total 111616K, used 22164K [0x00000000c0000000, 0x00000000c6d00000, 0x00000000eab00000)
  object space 111616K, 19% used [0x00000000c0000000,0x00000000c15a5140,0x00000000c6d00000)
 Metaspace       used 49266K, capacity 50708K, committed 50992K, reserved 1093632K
  class space    used 6536K, capacity 6883K, committed 6960K, reserved 1048576K
GC Heap History (10 events):
Event: 3.066 GC heap before
{Heap before GC invocations=4 (full 1):
 PSYoungGen      total 141824K, used 8182K [0x00000000eab00000, 0x00000000fc000000, 0x0000000100000000)
  eden space 131072K, 0% used [0x00000000eab00000,0x00000000eab00000,0x00000000f2b00000)
  from space 10752K, 76% used [0x00000000f2b00000,0x00000000f32fd878,0x00000000f3580000)
  to   space 10752K, 0% used [0x00000000fb580000,0x00000000fb580000,0x00000000fc000000)
 ParOldGen       total 175104K, used 2332K [0x00000000c0000000, 0x00000000cab00000, 0x00000000eab00000)
  object space 175104K, 1% used [0x00000000c0000000,0x00000000c0247098,0x00000000cab00000)
 Metaspace       used 20782K, capacity 21246K, committed 21296K, reserved 1067008K
  class space    used 2713K, capacity 2857K, committed 2864K, reserved 1048576K
Event: 3.113 GC heap after
Heap after GC invocations=4 (full 1):
 PSYoungGen      total 141824K, used 0K [0x00000000eab00000, 0x00000000fc000000, 0x0000000100000000)
  eden space 131072K, 0% used [0x00000000eab00000,0x00000000eab00000,0x00000000f2b00000)
  from space 10752K, 0% used [0x00000000f2b00000,0x00000000f2b00000,0x00000000f3580000)
  to   space 10752K, 0% used [0x00000000fb580000,0x00000000fb580000,0x00000000fc000000)
 ParOldGen       total 83968K, used 8017K [0x00000000c0000000, 0x00000000c5200000, 0x00000000eab00000)
  object space 83968K, 9% used [0x00000000c0000000,0x00000000c07d4578,0x00000000c5200000)
 Metaspace       used 20782K, capacity 21246K, committed 21296K, reserved 1067008K
  class space    used 2713K, capacity 2857K, committed 2864K, reserved 1048576K
}
Event: 4.459 GC heap before
{Heap before GC invocations=5 (full 1):
 PSYoungGen      total 141824K, used 131072K [0x00000000eab00000, 0x00000000fc000000, 0x0000000100000000)
  eden space 131072K, 100% used [0x00000000eab00000,0x00000000f2b00000,0x00000000f2b00000)
  from space 10752K, 0% used [0x00000000f2b00000,0x00000000f2b00000,0x00000000f3580000)
  to   space 10752K, 0% used [0x00000000fb580000,0x00000000fb580000,0x00000000fc000000)
 ParOldGen       total 83968K, used 8017K [0x00000000c0000000, 0x00000000c5200000, 0x00000000eab00000)
  object space 83968K, 9% used [0x00000000c0000000,0x00000000c07d4578,0x00000000c5200000)
 Metaspace       used 28661K, capacity 29364K, committed 29488K, reserved 1075200K
  class space    used 3925K, capacity 4104K, committed 4144K, reserved 1048576K
Event: 4.471 GC heap after
Heap after GC invocations=5 (full 1):
 PSYoungGen      total 254464K, used 10728K [0x00000000eab00000, 0x00000000fc000000, 0x0000000100000000)
  eden space 243712K, 0% used [0x00000000eab00000,0x00000000eab00000,0x00000000f9900000)
  from space 10752K, 99% used [0x00000000fb580000,0x00000000fbffa358,0x00000000fc000000)
  to   space 10752K, 0% used [0x00000000fab00000,0x00000000fab00000,0x00000000fb580000)
 ParOldGen       total 83968K, used 8460K [0x00000000c0000000, 0x00000000c5200000, 0x00000000eab00000)
  object space 83968K, 10% used [0x00000000c0000000,0x00000000c0843188,0x00000000c5200000)
 Metaspace       used 28661K, capacity 29364K, committed 29488K, reserved 1075200K
  class space    used 3925K, capacity 4104K, committed 4144K, reserved 1048576K
}
Event: 5.727 GC heap before
{Heap before GC invocations=6 (full 1):
 PSYoungGen      total 254464K, used 138405K [0x00000000eab00000, 0x00000000fc000000, 0x0000000100000000)
  eden space 243712K, 52% used [0x00000000eab00000,0x00000000f27af218,0x00000000f9900000)
  from space 10752K, 99% used [0x00000000fb580000,0x00000000fbffa358,0x00000000fc000000)
  to   space 10752K, 0% used [0x00000000fab00000,0x00000000fab00000,0x00000000fb580000)
 ParOldGen       total 83968K, used 8460K [0x00000000c0000000, 0x00000000c5200000, 0x00000000eab00000)
  object space 83968K, 10% used [0x00000000c0000000,0x00000000c0843188,0x00000000c5200000)
 Metaspace       used 34653K, capacity 35328K, committed 35496K, reserved 1079296K
  class space    used 4675K, capacity 4855K, committed 4912K, reserved 1048576K
Event: 5.741 GC heap after
Heap after GC invocations=6 (full 1):
 PSYoungGen      total 272896K, used 10740K [0x00000000eab00000, 0x0000000100000000, 0x0000000100000000)
  eden space 262144K, 0% used [0x00000000eab00000,0x00000000eab00000,0x00000000fab00000)
  from space 10752K, 99% used [0x00000000fab00000,0x00000000fb57d1b0,0x00000000fb580000)
  to   space 15360K, 0% used [0x00000000ff100000,0x00000000ff100000,0x0000000100000000)
 ParOldGen       total 83968K, used 10224K [0x00000000c0000000, 0x00000000c5200000, 0x00000000eab00000)
  object space 83968K, 12% used [0x00000000c0000000,0x00000000c09fc340,0x00000000c5200000)
 Metaspace       used 34653K, capacity 35328K, committed 35496K, reserved 1079296K
  class space    used 4675K, capacity 4855K, committed 4912K, reserved 1048576K
}
Event: 5.741 GC heap before
{Heap before GC invocations=7 (full 2):
 PSYoungGen      total 272896K, used 10740K [0x00000000eab00000, 0x0000000100000000, 0x0000000100000000)
  eden space 262144K, 0% used [0x00000000eab00000,0x00000000eab00000,0x00000000fab00000)
  from space 10752K, 99% used [0x00000000fab00000,0x00000000fb57d1b0,0x00000000fb580000)
  to   space 15360K, 0% used [0x00000000ff100000,0x00000000ff100000,0x0000000100000000)
 ParOldGen       total 83968K, used 10224K [0x00000000c0000000, 0x00000000c5200000, 0x00000000eab00000)
  object space 83968K, 12% used [0x00000000c0000000,0x00000000c09fc340,0x00000000c5200000)
 Metaspace       used 34653K, capacity 35328K, committed 35496K, reserved 1079296K
  class space    used 4675K, capacity 4855K, committed 4912K, reserved 1048576K
Event: 5.798 GC heap after
Heap after GC invocations=7 (full 2):
 PSYoungGen      total 272896K, used 0K [0x00000000eab00000, 0x0000000100000000, 0x0000000100000000)
  eden space 262144K, 0% used [0x00000000eab00000,0x00000000eab00000,0x00000000fab00000)
  from space 10752K, 0% used [0x00000000fab00000,0x00000000fab00000,0x00000000fb580000)
  to   space 15360K, 0% used [0x00000000ff100000,0x00000000ff100000,0x0000000100000000)
 ParOldGen       total 111616K, used 19865K [0x00000000c0000000, 0x00000000c6d00000, 0x00000000eab00000)
  object space 111616K, 17% used [0x00000000c0000000,0x00000000c13664b8,0x00000000c6d00000)
 Metaspace       used 34653K, capacity 35328K, committed 35496K, reserved 1079296K
  class space    used 4675K, capacity 4855K, committed 4912K, reserved 1048576K
}
Event: 7.794 GC heap before
{Heap before GC invocations=8 (full 2):
 PSYoungGen      total 272896K, used 262144K [0x00000000eab00000, 0x0000000100000000, 0x0000000100000000)
  eden space 262144K, 100% used [0x00000000eab00000,0x00000000fab00000,0x00000000fab00000)
  from space 10752K, 0% used [0x00000000fab00000,0x00000000fab00000,0x00000000fb580000)
  to   space 15360K, 0% used [0x00000000ff100000,0x00000000ff100000,0x0000000100000000)
 ParOldGen       total 111616K, used 19865K [0x00000000c0000000, 0x00000000c6d00000, 0x00000000eab00000)
  object space 111616K, 17% used [0x00000000c0000000,0x00000000c13664b8,0x00000000c6d00000)
 Metaspace       used 44680K, capacity 45678K, committed 46000K, reserved 1089536K
  class space    used 5904K, capacity 6204K, committed 6320K, reserved 1048576K
Event: 7.814 GC heap after
Heap after GC invocations=8 (full 2):
 PSYoungGen      total 327680K, used 15351K [0x00000000eab00000, 0x0000000100000000, 0x0000000100000000)
  eden space 312320K, 0% used [0x00000000eab00000,0x00000000eab00000,0x00000000fdc00000)
  from space 15360K, 99% used [0x00000000ff100000,0x00000000ffffdfb8,0x0000000100000000)
  to   space 18432K, 0% used [0x00000000fdc00000,0x00000000fdc00000,0x00000000fee00000)
 ParOldGen       total 111616K, used 22164K [0x00000000c0000000, 0x00000000c6d00000, 0x00000000eab00000)
  object space 111616K, 19% used [0x00000000c0000000,0x00000000c15a5140,0x00000000c6d00000)
 Metaspace       used 44680K, capacity 45678K, committed 46000K, reserved 1089536K
  class space    used 5904K, capacity 6204K, committed 6320K, reserved 1048576K
}

