# JRE version: Java(TM) SE Runtime Environment (7.0_79-b15) (build 1.7.0_79-b15)
# Java VM: Java HotSpot(TM) 64-Bit Server VM (24.79-b02 mixed mode bsd-amd64 compressed oops)
Heap
 PSYoungGen      total 292352K, used 274678K [0x00000007eaa80000, 0x0000000800000000, 0x0000000800000000)
  eden space 244736K, 100% used [0x00000007eaa80000,0x00000007f9980000,0x00000007f9980000)
  from space 47616K, 62% used [0x00000007f9980000,0x00000007fb6bd878,0x00000007fc800000)
  to   space 50688K, 23% used [0x00000007fce80000,0x00000007fda4a078,0x0000000800000000)
 ParOldGen       total 698880K, used 443141K [0x00000007c0000000, 0x00000007eaa80000, 0x00000007eaa80000)
  object space 698880K, 63% used [0x00000007c0000000,0x00000007db0c1490,0x00000007eaa80000)
 PSPermGen       total 73216K, used 67646K [0x00000007b0000000, 0x00000007b4780000, 0x00000007c0000000)
  object space 73216K, 92% used [0x00000007b0000000,0x00000007b420fa10,0x00000007b4780000)
GC Heap History (10 events):
Event: 22487.066 GC heap after
Heap after GC invocations=306 (full 21):
 PSYoungGen      total 281088K, used 24509K [0x00000007eaa80000, 0x0000000800000000, 0x0000000800000000)
  eden space 223744K, 0% used [0x00000007eaa80000,0x00000007eaa80000,0x00000007f8500000)
  from space 57344K, 42% used [0x00000007f8500000,0x00000007f9cef798,0x00000007fbd00000)
  to   space 57344K, 0% used [0x00000007fc800000,0x00000007fc800000,0x0000000800000000)
 ParOldGen       total 698880K, used 418514K [0x00000007c0000000, 0x00000007eaa80000, 0x00000007eaa80000)
  object space 698880K, 59% used [0x00000007c0000000,0x00000007d98b4a50,0x00000007eaa80000)
 PSPermGen       total 73216K, used 67567K [0x00000007b0000000, 0x00000007b4780000, 0x00000007c0000000)
  object space 73216K, 92% used [0x00000007b0000000,0x00000007b41fbde8,0x00000007b4780000)
}
Event: 22498.489 GC heap before
{Heap before GC invocations=307 (full 21):
 PSYoungGen      total 281088K, used 248253K [0x00000007eaa80000, 0x0000000800000000, 0x0000000800000000)
  eden space 223744K, 100% used [0x00000007eaa80000,0x00000007f8500000,0x00000007f8500000)
  from space 57344K, 42% used [0x00000007f8500000,0x00000007f9cef798,0x00000007fbd00000)
  to   space 57344K, 0% used [0x00000007fc800000,0x00000007fc800000,0x0000000800000000)
 ParOldGen       total 698880K, used 418514K [0x00000007c0000000, 0x00000007eaa80000, 0x00000007eaa80000)
  object space 698880K, 59% used [0x00000007c0000000,0x00000007d98b4a50,0x00000007eaa80000)
 PSPermGen       total 73216K, used 67570K [0x00000007b0000000, 0x00000007b4780000, 0x00000007c0000000)
  object space 73216K, 92% used [0x00000007b0000000,0x00000007b41fca58,0x00000007b4780000)
Event: 22498.549 GC heap after
Heap after GC invocations=307 (full 21):
 PSYoungGen      total 286208K, used 7136K [0x00000007eaa80000, 0x00000007ffa00000, 0x0000000800000000)
  eden space 235008K, 0% used [0x00000007eaa80000,0x00000007eaa80000,0x00000007f9000000)
  from space 51200K, 13% used [0x00000007fc800000,0x00000007fcef8000,0x00000007ffa00000)
  to   space 54272K, 0% used [0x00000007f9000000,0x00000007f9000000,0x00000007fc500000)
 ParOldGen       total 698880K, used 439314K [0x00000007c0000000, 0x00000007eaa80000, 0x00000007eaa80000)
  object space 698880K, 62% used [0x00000007c0000000,0x00000007dad04ae0,0x00000007eaa80000)
 PSPermGen       total 73216K, used 67570K [0x00000007b0000000, 0x00000007b4780000, 0x00000007c0000000)
  object space 73216K, 92% used [0x00000007b0000000,0x00000007b41fca58,0x00000007b4780000)
}
Event: 22516.305 GC heap before
{Heap before GC invocations=308 (full 21):
 PSYoungGen      total 286208K, used 242144K [0x00000007eaa80000, 0x00000007ffa00000, 0x0000000800000000)
  eden space 235008K, 100% used [0x00000007eaa80000,0x00000007f9000000,0x00000007f9000000)
  from space 51200K, 13% used [0x00000007fc800000,0x00000007fcef8000,0x00000007ffa00000)
  to   space 54272K, 0% used [0x00000007f9000000,0x00000007f9000000,0x00000007fc500000)
 ParOldGen       total 698880K, used 439314K [0x00000007c0000000, 0x00000007eaa80000, 0x00000007eaa80000)
  object space 698880K, 62% used [0x00000007c0000000,0x00000007dad04ae0,0x00000007eaa80000)
 PSPermGen       total 73216K, used 67571K [0x00000007b0000000, 0x00000007b4780000, 0x00000007c0000000)
  object space 73216K, 92% used [0x00000007b0000000,0x00000007b41fce18,0x00000007b4780000)
Event: 22516.342 GC heap after
Heap after GC invocations=308 (full 21):
 PSYoungGen      total 289280K, used 8864K [0x00000007eaa80000, 0x00000007ffc00000, 0x0000000800000000)
  eden space 235008K, 0% used [0x00000007eaa80000,0x00000007eaa80000,0x00000007f9000000)
  from space 54272K, 16% used [0x00000007f9000000,0x00000007f98a8070,0x00000007fc500000)
  to   space 50688K, 0% used [0x00000007fca80000,0x00000007fca80000,0x00000007ffc00000)
 ParOldGen       total 698880K, used 443141K [0x00000007c0000000, 0x00000007eaa80000, 0x00000007eaa80000)
  object space 698880K, 63% used [0x00000007c0000000,0x00000007db0c1490,0x00000007eaa80000)
 PSPermGen       total 73216K, used 67571K [0x00000007b0000000, 0x00000007b4780000, 0x00000007c0000000)
  object space 73216K, 92% used [0x00000007b0000000,0x00000007b41fce18,0x00000007b4780000)
}
Event: 22520.184 GC heap before
{Heap before GC invocations=309 (full 21):
 PSYoungGen      total 289280K, used 243872K [0x00000007eaa80000, 0x00000007ffc00000, 0x0000000800000000)
  eden space 235008K, 100% used [0x00000007eaa80000,0x00000007f9000000,0x00000007f9000000)
  from space 54272K, 16% used [0x00000007f9000000,0x00000007f98a8070,0x00000007fc500000)
  to   space 50688K, 0% used [0x00000007fca80000,0x00000007fca80000,0x00000007ffc00000)
 ParOldGen       total 698880K, used 443141K [0x00000007c0000000, 0x00000007eaa80000, 0x00000007eaa80000)
  object space 698880K, 63% used [0x00000007c0000000,0x00000007db0c1490,0x00000007eaa80000)
 PSPermGen       total 73216K, used 67583K [0x00000007b0000000, 0x00000007b4780000, 0x00000007c0000000)
  object space 73216K, 92% used [0x00000007b0000000,0x00000007b41fff10,0x00000007b4780000)
Event: 22520.207 GC heap after
Heap after GC invocations=309 (full 21):
 PSYoungGen      total 289792K, used 8919K [0x00000007eaa80000, 0x00000007ff680000, 0x0000000800000000)
  eden space 244736K, 0% used [0x00000007eaa80000,0x00000007eaa80000,0x00000007f9980000)
  from space 45056K, 19% used [0x00000007fca80000,0x00000007fd335ca8,0x00000007ff680000)
  to   space 47616K, 0% used [0x00000007f9980000,0x00000007f9980000,0x00000007fc800000)
 ParOldGen       total 698880K, used 443141K [0x00000007c0000000, 0x00000007eaa80000, 0x00000007eaa80000)
  object space 698880K, 63% used [0x00000007c0000000,0x00000007db0c1490,0x00000007eaa80000)
 PSPermGen       total 73216K, used 67583K [0x00000007b0000000, 0x00000007b4780000, 0x00000007c0000000)
  object space 73216K, 92% used [0x00000007b0000000,0x00000007b41fff10,0x00000007b4780000)
}
Event: 22531.766 GC heap before
{Heap before GC invocations=310 (full 21):
 PSYoungGen      total 289792K, used 253655K [0x00000007eaa80000, 0x00000007ff680000, 0x0000000800000000)
  eden space 244736K, 100% used [0x00000007eaa80000,0x00000007f9980000,0x00000007f9980000)
  from space 45056K, 19% used [0x00000007fca80000,0x00000007fd335ca8,0x00000007ff680000)
  to   space 47616K, 0% used [0x00000007f9980000,0x00000007f9980000,0x00000007fc800000)
 ParOldGen       total 698880K, used 443141K [0x00000007c0000000, 0x00000007eaa80000, 0x00000007eaa80000)
  object space 698880K, 63% used [0x00000007c0000000,0x00000007db0c1490,0x00000007eaa80000)
 PSPermGen       total 73216K, used 67584K [0x00000007b0000000, 0x00000007b4780000, 0x00000007c0000000)
  object space 73216K, 92% used [0x00000007b0000000,0x00000007b4200340,0x00000007b4780000)
Event: 22531.825 GC heap after
Heap after GC invocations=310 (full 21):
 PSYoungGen      total 292352K, used 29942K [0x00000007eaa80000, 0x0000000800000000, 0x0000000800000000)
  eden space 244736K, 0% used [0x00000007eaa80000,0x00000007eaa80000,0x00000007f9980000)
  from space 47616K, 62% used [0x00000007f9980000,0x00000007fb6bd878,0x00000007fc800000)
  to   space 50688K, 0% used [0x00000007fce80000,0x00000007fce80000,0x0000000800000000)
 ParOldGen       total 698880K, used 443141K [0x00000007c0000000, 0x00000007eaa80000, 0x00000007eaa80000)
  object space 698880K, 63% used [0x00000007c0000000,0x00000007db0c1490,0x00000007eaa80000)
 PSPermGen       total 73216K, used 67584K [0x00000007b0000000, 0x00000007b4780000, 0x00000007c0000000)
  object space 73216K, 92% used [0x00000007b0000000,0x00000007b4200340,0x00000007b4780000)
}
Event: 22559.300 GC heap before
{Heap before GC invocations=311 (full 21):
 PSYoungGen      total 292352K, used 274678K [0x00000007eaa80000, 0x0000000800000000, 0x0000000800000000)
  eden space 244736K, 100% used [0x00000007eaa80000,0x00000007f9980000,0x00000007f9980000)
  from space 47616K, 62% used [0x00000007f9980000,0x00000007fb6bd878,0x00000007fc800000)
  to   space 50688K, 0% used [0x00000007fce80000,0x00000007fce80000,0x0000000800000000)
 ParOldGen       total 698880K, used 443141K [0x00000007c0000000, 0x00000007eaa80000, 0x00000007eaa80000)
  object space 698880K, 63% used [0x00000007c0000000,0x00000007db0c1490,0x00000007eaa80000)
 PSPermGen       total 73216K, used 67646K [0x00000007b0000000, 0x00000007b4780000, 0x00000007c0000000)
  object space 73216K, 92% used [0x00000007b0000000,0x00000007b420fa10,0x00000007b4780000)

