# JRE version: Java(TM) SE Runtime Environment (7.0_79-b15) (build 1.7.0_79-b15)
# Java VM: Java HotSpot(TM) 64-Bit Server VM (24.79-b02 mixed mode bsd-amd64 compressed oops)
Heap
 PSYoungGen      total 38912K, used 21402K [0x00000007eaa80000, 0x00000007ed580000, 0x0000000800000000)
  eden space 33792K, 48% used [0x00000007eaa80000,0x00000007eba6aa40,0x00000007ecb80000)
  from space 5120K, 99% used [0x00000007ed080000,0x00000007ed57c1a0,0x00000007ed580000)
  to   space 5120K, 0% used [0x00000007ecb80000,0x00000007ecb80000,0x00000007ed080000)
 ParOldGen       total 87040K, used 6234K [0x00000007c0000000, 0x00000007c5500000, 0x00000007eaa80000)
  object space 87040K, 7% used [0x00000007c0000000,0x00000007c0616bc8,0x00000007c5500000)
 PSPermGen       total 21504K, used 20392K [0x00000007b0000000, 0x00000007b1500000, 0x00000007c0000000)
  object space 21504K, 94% used [0x00000007b0000000,0x00000007b13ea070,0x00000007b1500000)
GC Heap History (8 events):
Event: 2.547 GC heap before
{Heap before GC invocations=1 (full 0):
 PSYoungGen      total 38912K, used 33792K [0x00000007eaa80000, 0x00000007ed580000, 0x0000000800000000)
  eden space 33792K, 100% used [0x00000007eaa80000,0x00000007ecb80000,0x00000007ecb80000)
  from space 5120K, 0% used [0x00000007ed080000,0x00000007ed080000,0x00000007ed580000)
  to   space 5120K, 0% used [0x00000007ecb80000,0x00000007ecb80000,0x00000007ed080000)
 ParOldGen       total 87040K, used 0K [0x00000007c0000000, 0x00000007c5500000, 0x00000007eaa80000)
  object space 87040K, 0% used [0x00000007c0000000,0x00000007c0000000,0x00000007c5500000)
 PSPermGen       total 21504K, used 5417K [0x00000007b0000000, 0x00000007b1500000, 0x00000007c0000000)
  object space 21504K, 25% used [0x00000007b0000000,0x00000007b054a518,0x00000007b1500000)
Event: 2.553 GC heap after
Heap after GC invocations=1 (full 0):
 PSYoungGen      total 38912K, used 3630K [0x00000007eaa80000, 0x00000007ed580000, 0x0000000800000000)
  eden space 33792K, 0% used [0x00000007eaa80000,0x00000007eaa80000,0x00000007ecb80000)
  from space 5120K, 70% used [0x00000007ecb80000,0x00000007ecf0bb90,0x00000007ed080000)
  to   space 5120K, 0% used [0x00000007ed080000,0x00000007ed080000,0x00000007ed580000)
 ParOldGen       total 87040K, used 8K [0x00000007c0000000, 0x00000007c5500000, 0x00000007eaa80000)
  object space 87040K, 0% used [0x00000007c0000000,0x00000007c0002000,0x00000007c5500000)
 PSPermGen       total 21504K, used 5417K [0x00000007b0000000, 0x00000007b1500000, 0x00000007c0000000)
  object space 21504K, 25% used [0x00000007b0000000,0x00000007b054a518,0x00000007b1500000)
}
Event: 5.741 GC heap before
{Heap before GC invocations=2 (full 0):
 PSYoungGen      total 38912K, used 37422K [0x00000007eaa80000, 0x00000007ed580000, 0x0000000800000000)
  eden space 33792K, 100% used [0x00000007eaa80000,0x00000007ecb80000,0x00000007ecb80000)
  from space 5120K, 70% used [0x00000007ecb80000,0x00000007ecf0bb90,0x00000007ed080000)
  to   space 5120K, 0% used [0x00000007ed080000,0x00000007ed080000,0x00000007ed580000)
 ParOldGen       total 87040K, used 8K [0x00000007c0000000, 0x00000007c5500000, 0x00000007eaa80000)
  object space 87040K, 0% used [0x00000007c0000000,0x00000007c0002000,0x00000007c5500000)
 PSPermGen       total 21504K, used 10865K [0x00000007b0000000, 0x00000007b1500000, 0x00000007c0000000)
  object space 21504K, 50% used [0x00000007b0000000,0x00000007b0a9c598,0x00000007b1500000)
Event: 5.749 GC heap after
Heap after GC invocations=2 (full 0):
 PSYoungGen      total 38912K, used 5096K [0x00000007eaa80000, 0x00000007ed580000, 0x0000000800000000)
  eden space 33792K, 0% used [0x00000007eaa80000,0x00000007eaa80000,0x00000007ecb80000)
  from space 5120K, 99% used [0x00000007ed080000,0x00000007ed57a378,0x00000007ed580000)
  to   space 5120K, 0% used [0x00000007ecb80000,0x00000007ecb80000,0x00000007ed080000)
 ParOldGen       total 87040K, used 251K [0x00000007c0000000, 0x00000007c5500000, 0x00000007eaa80000)
  object space 87040K, 0% used [0x00000007c0000000,0x00000007c003eed8,0x00000007c5500000)
 PSPermGen       total 21504K, used 10865K [0x00000007b0000000, 0x00000007b1500000, 0x00000007c0000000)
  object space 21504K, 50% used [0x00000007b0000000,0x00000007b0a9c598,0x00000007b1500000)
}
Event: 9.071 GC heap before
{Heap before GC invocations=3 (full 0):
 PSYoungGen      total 38912K, used 38888K [0x00000007eaa80000, 0x00000007ed580000, 0x0000000800000000)
  eden space 33792K, 100% used [0x00000007eaa80000,0x00000007ecb80000,0x00000007ecb80000)
  from space 5120K, 99% used [0x00000007ed080000,0x00000007ed57a378,0x00000007ed580000)
  to   space 5120K, 0% used [0x00000007ecb80000,0x00000007ecb80000,0x00000007ed080000)
 ParOldGen       total 87040K, used 251K [0x00000007c0000000, 0x00000007c5500000, 0x00000007eaa80000)
  object space 87040K, 0% used [0x00000007c0000000,0x00000007c003eed8,0x00000007c5500000)
 PSPermGen       total 21504K, used 16856K [0x00000007b0000000, 0x00000007b1500000, 0x00000007c0000000)
  object space 21504K, 78% used [0x00000007b0000000,0x00000007b1076210,0x00000007b1500000)
Event: 9.082 GC heap after
Heap after GC invocations=3 (full 0):
 PSYoungGen      total 38912K, used 5104K [0x00000007eaa80000, 0x00000007ed580000, 0x0000000800000000)
  eden space 33792K, 0% used [0x00000007eaa80000,0x00000007eaa80000,0x00000007ecb80000)
  from space 5120K, 99% used [0x00000007ecb80000,0x00000007ed07c180,0x00000007ed080000)
  to   space 5120K, 0% used [0x00000007ed080000,0x00000007ed080000,0x00000007ed580000)
 ParOldGen       total 87040K, used 2973K [0x00000007c0000000, 0x00000007c5500000, 0x00000007eaa80000)
  object space 87040K, 3% used [0x00000007c0000000,0x00000007c02e7570,0x00000007c5500000)
 PSPermGen       total 21504K, used 16856K [0x00000007b0000000, 0x00000007b1500000, 0x00000007c0000000)
  object space 21504K, 78% used [0x00000007b0000000,0x00000007b1076210,0x00000007b1500000)
}
Event: 10.373 GC heap before
{Heap before GC invocations=4 (full 0):
 PSYoungGen      total 38912K, used 38896K [0x00000007eaa80000, 0x00000007ed580000, 0x0000000800000000)
  eden space 33792K, 100% used [0x00000007eaa80000,0x00000007ecb80000,0x00000007ecb80000)
  from space 5120K, 99% used [0x00000007ecb80000,0x00000007ed07c180,0x00000007ed080000)
  to   space 5120K, 0% used [0x00000007ed080000,0x00000007ed080000,0x00000007ed580000)
 ParOldGen       total 87040K, used 2973K [0x00000007c0000000, 0x00000007c5500000, 0x00000007eaa80000)
  object space 87040K, 3% used [0x00000007c0000000,0x00000007c02e7570,0x00000007c5500000)
 PSPermGen       total 21504K, used 19524K [0x00000007b0000000, 0x00000007b1500000, 0x00000007c0000000)
  object space 21504K, 90% used [0x00000007b0000000,0x00000007b13111f8,0x00000007b1500000)
Event: 10.385 GC heap after
Heap after GC invocations=4 (full 0):
 PSYoungGen      total 38912K, used 5104K [0x00000007eaa80000, 0x00000007ed580000, 0x0000000800000000)
  eden space 33792K, 0% used [0x00000007eaa80000,0x00000007eaa80000,0x00000007ecb80000)
  from space 5120K, 99% used [0x00000007ed080000,0x00000007ed57c1a0,0x00000007ed580000)
  to   space 5120K, 0% used [0x00000007ecb80000,0x00000007ecb80000,0x00000007ed080000)
 ParOldGen       total 87040K, used 6234K [0x00000007c0000000, 0x00000007c5500000, 0x00000007eaa80000)
  object space 87040K, 7% used [0x00000007c0000000,0x00000007c0616bc8,0x00000007c5500000)
 PSPermGen       total 21504K, used 19524K [0x00000007b0000000, 0x00000007b1500000, 0x00000007c0000000)
  object space 21504K, 90% used [0x00000007b0000000,0x00000007b13111f8,0x00000007b1500000)
}

