# JRE version: Java(TM) SE Runtime Environment (7.0_79-b15) (build 1.7.0_79-b15)
# Java VM: Java HotSpot(TM) 64-Bit Server VM (24.79-b02 mixed mode bsd-amd64 compressed oops)
Heap
 PSYoungGen      total 274432K, used 96483K [0x00000007eaa80000, 0x00000007ff300000, 0x0000000800000000)
  eden space 209920K, 41% used [0x00000007eaa80000,0x00000007efeab0c0,0x00000007f7780000)
  from space 64512K, 15% used [0x00000007fb180000,0x00000007fbb8de60,0x00000007ff080000)
  to   space 59392K, 0% used [0x00000007f7780000,0x00000007f7780000,0x00000007fb180000)
 ParOldGen       total 698880K, used 698732K [0x00000007c0000000, 0x00000007eaa80000, 0x00000007eaa80000)
  object space 698880K, 99% used [0x00000007c0000000,0x00000007eaa5b3b8,0x00000007eaa80000)
 PSPermGen       total 82944K, used 64202K [0x00000007b0000000, 0x00000007b5100000, 0x00000007c0000000)
  object space 82944K, 77% used [0x00000007b0000000,0x00000007b3eb29b8,0x00000007b5100000)
GC Heap History (10 events):
Event: 3305.001 GC heap after
Heap after GC invocations=153 (full 12):
 PSYoungGen      total 261120K, used 4288K [0x00000007eaa80000, 0x00000007ff680000, 0x0000000800000000)
  eden space 186880K, 0% used [0x00000007eaa80000,0x00000007eaa80000,0x00000007f6100000)
  from space 74240K, 5% used [0x00000007f6100000,0x00000007f6530000,0x00000007fa980000)
  to   space 70656K, 0% used [0x00000007fb180000,0x00000007fb180000,0x00000007ff680000)
 ParOldGen       total 655872K, used 553189K [0x00000007c0000000, 0x00000007e8080000, 0x00000007eaa80000)
  object space 655872K, 84% used [0x00000007c0000000,0x00000007e1c39790,0x00000007e8080000)
 PSPermGen       total 87040K, used 66481K [0x00000007b0000000, 0x00000007b5500000, 0x00000007c0000000)
  object space 87040K, 76% used [0x00000007b0000000,0x00000007b40ec500,0x00000007b5500000)
}
Event: 3305.876 GC heap before
{Heap before GC invocations=154 (full 12):
 PSYoungGen      total 261120K, used 191168K [0x00000007eaa80000, 0x00000007ff680000, 0x0000000800000000)
  eden space 186880K, 100% used [0x00000007eaa80000,0x00000007f6100000,0x00000007f6100000)
  from space 74240K, 5% used [0x00000007f6100000,0x00000007f6530000,0x00000007fa980000)
  to   space 70656K, 0% used [0x00000007fb180000,0x00000007fb180000,0x00000007ff680000)
 ParOldGen       total 655872K, used 553189K [0x00000007c0000000, 0x00000007e8080000, 0x00000007eaa80000)
  object space 655872K, 84% used [0x00000007c0000000,0x00000007e1c39790,0x00000007e8080000)
 PSPermGen       total 87040K, used 66481K [0x00000007b0000000, 0x00000007b5500000, 0x00000007c0000000)
  object space 87040K, 76% used [0x00000007b0000000,0x00000007b40ec748,0x00000007b5500000)
Event: 3305.892 GC heap after
Heap after GC invocations=154 (full 12):
 PSYoungGen      total 272384K, used 826K [0x00000007eaa80000, 0x00000007ff680000, 0x0000000800000000)
  eden space 201728K, 0% used [0x00000007eaa80000,0x00000007eaa80000,0x00000007f6f80000)
  from space 70656K, 1% used [0x00000007fb180000,0x00000007fb24ea08,0x00000007ff680000)
  to   space 67584K, 0% used [0x00000007f6f80000,0x00000007f6f80000,0x00000007fb180000)
 ParOldGen       total 655872K, used 557461K [0x00000007c0000000, 0x00000007e8080000, 0x00000007eaa80000)
  object space 655872K, 84% used [0x00000007c0000000,0x00000007e2065790,0x00000007e8080000)
 PSPermGen       total 87040K, used 66481K [0x00000007b0000000, 0x00000007b5500000, 0x00000007c0000000)
  object space 87040K, 76% used [0x00000007b0000000,0x00000007b40ec748,0x00000007b5500000)
}
Event: 3338.292 GC heap before
{Heap before GC invocations=155 (full 12):
 PSYoungGen      total 272384K, used 71166K [0x00000007eaa80000, 0x00000007ff680000, 0x0000000800000000)
  eden space 201728K, 34% used [0x00000007eaa80000,0x00000007eef30f78,0x00000007f6f80000)
  from space 70656K, 1% used [0x00000007fb180000,0x00000007fb24ea08,0x00000007ff680000)
  to   space 67584K, 0% used [0x00000007f6f80000,0x00000007f6f80000,0x00000007fb180000)
 ParOldGen       total 655872K, used 557461K [0x00000007c0000000, 0x00000007e8080000, 0x00000007eaa80000)
  object space 655872K, 84% used [0x00000007c0000000,0x00000007e2065790,0x00000007e8080000)
 PSPermGen       total 87040K, used 66516K [0x00000007b0000000, 0x00000007b5500000, 0x00000007c0000000)
  object space 87040K, 76% used [0x00000007b0000000,0x00000007b40f52d0,0x00000007b5500000)
Event: 3338.315 GC heap after
Heap after GC invocations=155 (full 12):
 PSYoungGen      total 269312K, used 672K [0x00000007eaa80000, 0x00000007ff080000, 0x0000000800000000)
  eden space 201728K, 0% used [0x00000007eaa80000,0x00000007eaa80000,0x00000007f6f80000)
  from space 67584K, 0% used [0x00000007f6f80000,0x00000007f7028000,0x00000007fb180000)
  to   space 64512K, 0% used [0x00000007fb180000,0x00000007fb180000,0x00000007ff080000)
 ParOldGen       total 655872K, used 558005K [0x00000007c0000000, 0x00000007e8080000, 0x00000007eaa80000)
  object space 655872K, 85% used [0x00000007c0000000,0x00000007e20ed790,0x00000007e8080000)
 PSPermGen       total 87040K, used 66516K [0x00000007b0000000, 0x00000007b5500000, 0x00000007c0000000)
  object space 87040K, 76% used [0x00000007b0000000,0x00000007b40f52d0,0x00000007b5500000)
}
Event: 3338.315 GC heap before
{Heap before GC invocations=156 (full 13):
 PSYoungGen      total 269312K, used 672K [0x00000007eaa80000, 0x00000007ff080000, 0x0000000800000000)
  eden space 201728K, 0% used [0x00000007eaa80000,0x00000007eaa80000,0x00000007f6f80000)
  from space 67584K, 0% used [0x00000007f6f80000,0x00000007f7028000,0x00000007fb180000)
  to   space 64512K, 0% used [0x00000007fb180000,0x00000007fb180000,0x00000007ff080000)
 ParOldGen       total 655872K, used 558005K [0x00000007c0000000, 0x00000007e8080000, 0x00000007eaa80000)
  object space 655872K, 85% used [0x00000007c0000000,0x00000007e20ed790,0x00000007e8080000)
 PSPermGen       total 87040K, used 66516K [0x00000007b0000000, 0x00000007b5500000, 0x00000007c0000000)
  object space 87040K, 76% used [0x00000007b0000000,0x00000007b40f52d0,0x00000007b5500000)
Event: 3339.314 GC heap after
Heap after GC invocations=156 (full 13):
 PSYoungGen      total 269312K, used 0K [0x00000007eaa80000, 0x00000007ff080000, 0x0000000800000000)
  eden space 201728K, 0% used [0x00000007eaa80000,0x00000007eaa80000,0x00000007f6f80000)
  from space 67584K, 0% used [0x00000007f6f80000,0x00000007f6f80000,0x00000007fb180000)
  to   space 64512K, 0% used [0x00000007fb180000,0x00000007fb180000,0x00000007ff080000)
 ParOldGen       total 655872K, used 174444K [0x00000007c0000000, 0x00000007e8080000, 0x00000007eaa80000)
  object space 655872K, 26% used [0x00000007c0000000,0x00000007caa5b390,0x00000007e8080000)
 PSPermGen       total 82944K, used 64078K [0x00000007b0000000, 0x00000007b5100000, 0x00000007c0000000)
  object space 82944K, 77% used [0x00000007b0000000,0x00000007b3e93a10,0x00000007b5100000)
}
Event: 3348.937 GC heap before
{Heap before GC invocations=157 (full 13):
 PSYoungGen      total 269312K, used 201728K [0x00000007eaa80000, 0x00000007ff080000, 0x0000000800000000)
  eden space 201728K, 100% used [0x00000007eaa80000,0x00000007f6f80000,0x00000007f6f80000)
  from space 67584K, 0% used [0x00000007f6f80000,0x00000007f6f80000,0x00000007fb180000)
  to   space 64512K, 0% used [0x00000007fb180000,0x00000007fb180000,0x00000007ff080000)
 ParOldGen       total 655872K, used 174444K [0x00000007c0000000, 0x00000007e8080000, 0x00000007eaa80000)
  object space 655872K, 26% used [0x00000007c0000000,0x00000007caa5b390,0x00000007e8080000)
 PSPermGen       total 82944K, used 64199K [0x00000007b0000000, 0x00000007b5100000, 0x00000007c0000000)
  object space 82944K, 77% used [0x00000007b0000000,0x00000007b3eb1eb8,0x00000007b5100000)
Event: 3348.946 GC heap after
Heap after GC invocations=157 (full 13):
 PSYoungGen      total 274432K, used 10295K [0x00000007eaa80000, 0x00000007ff300000, 0x0000000800000000)
  eden space 209920K, 0% used [0x00000007eaa80000,0x00000007eaa80000,0x00000007f7780000)
  from space 64512K, 15% used [0x00000007fb180000,0x00000007fbb8de60,0x00000007ff080000)
  to   space 59392K, 0% used [0x00000007f7780000,0x00000007f7780000,0x00000007fb180000)
 ParOldGen       total 655872K, used 174444K [0x00000007c0000000, 0x00000007e8080000, 0x00000007eaa80000)
  object space 655872K, 26% used [0x00000007c0000000,0x00000007caa5b390,0x00000007e8080000)
 PSPermGen       total 82944K, used 64199K [0x00000007b0000000, 0x00000007b5100000, 0x00000007c0000000)
  object space 82944K, 77% used [0x00000007b0000000,0x00000007b3eb1eb8,0x00000007b5100000)
}
Event: 3349.541 GC heap before
{Heap before GC invocations=158 (full 14):
 PSYoungGen      total 274432K, used 96483K [0x00000007eaa80000, 0x00000007ff300000, 0x0000000800000000)
  eden space 209920K, 41% used [0x00000007eaa80000,0x00000007efeab0c0,0x00000007f7780000)
  from space 64512K, 15% used [0x00000007fb180000,0x00000007fbb8de60,0x00000007ff080000)
  to   space 59392K, 0% used [0x00000007f7780000,0x00000007f7780000,0x00000007fb180000)
 ParOldGen       total 698880K, used 698732K [0x00000007c0000000, 0x00000007eaa80000, 0x00000007eaa80000)
  object space 698880K, 99% used [0x00000007c0000000,0x00000007eaa5b3b8,0x00000007eaa80000)
 PSPermGen       total 82944K, used 64202K [0x00000007b0000000, 0x00000007b5100000, 0x00000007c0000000)
  object space 82944K, 77% used [0x00000007b0000000,0x00000007b3eb29b8,0x00000007b5100000)

