# JRE version: Java(TM) SE Runtime Environment (7.0_79-b15) (build 1.7.0_79-b15)
# Java VM: Java HotSpot(TM) 64-Bit Server VM (24.79-b02 mixed mode bsd-amd64 compressed oops)
Heap
 PSYoungGen      total 253952K, used 62464K [0x00000007eaa80000, 0x0000000800000000, 0x0000000800000000)
  eden space 191488K, 0% used [0x00000007eaa80000,0x00000007eaa80000,0x00000007f6580000)
  from space 62464K, 100% used [0x00000007f6580000,0x00000007fa280000,0x00000007fa280000)
  to   space 93696K, 0% used [0x00000007fa480000,0x00000007fa480000,0x0000000800000000)
 ParOldGen       total 241664K, used 204321K [0x00000007c0000000, 0x00000007cec00000, 0x00000007eaa80000)
  object space 241664K, 84% used [0x00000007c0000000,0x00000007cc788630,0x00000007cec00000)
 PSPermGen       total 100352K, used 56153K [0x00000007b0000000, 0x00000007b6200000, 0x00000007c0000000)
  object space 100352K, 55% used [0x00000007b0000000,0x00000007b36d6680,0x00000007b6200000)
GC Heap History (10 events):
Event: 323.561 GC heap after
Heap after GC invocations=45 (full 3):
 PSYoungGen      total 203776K, used 16362K [0x00000007eaa80000, 0x00000007fdd00000, 0x0000000800000000)
  eden space 187392K, 0% used [0x00000007eaa80000,0x00000007eaa80000,0x00000007f6180000)
  from space 16384K, 99% used [0x00000007f8f00000,0x00000007f9efaad8,0x00000007f9f00000)
  to   space 46592K, 0% used [0x00000007f6180000,0x00000007f6180000,0x00000007f8f00000)
 ParOldGen       total 152064K, used 151941K [0x00000007c0000000, 0x00000007c9480000, 0x00000007eaa80000)
  object space 152064K, 99% used [0x00000007c0000000,0x00000007c9461558,0x00000007c9480000)
 PSPermGen       total 99840K, used 53533K [0x00000007b0000000, 0x00000007b6180000, 0x00000007c0000000)
  object space 99840K, 53% used [0x00000007b0000000,0x00000007b34475f0,0x00000007b6180000)
}
Event: 323.561 GC heap before
{Heap before GC invocations=46 (full 4):
 PSYoungGen      total 203776K, used 16362K [0x00000007eaa80000, 0x00000007fdd00000, 0x0000000800000000)
  eden space 187392K, 0% used [0x00000007eaa80000,0x00000007eaa80000,0x00000007f6180000)
  from space 16384K, 99% used [0x00000007f8f00000,0x00000007f9efaad8,0x00000007f9f00000)
  to   space 46592K, 0% used [0x00000007f6180000,0x00000007f6180000,0x00000007f8f00000)
 ParOldGen       total 152064K, used 151941K [0x00000007c0000000, 0x00000007c9480000, 0x00000007eaa80000)
  object space 152064K, 99% used [0x00000007c0000000,0x00000007c9461558,0x00000007c9480000)
 PSPermGen       total 99840K, used 53533K [0x00000007b0000000, 0x00000007b6180000, 0x00000007c0000000)
  object space 99840K, 53% used [0x00000007b0000000,0x00000007b34475f0,0x00000007b6180000)
Event: 324.209 GC heap after
Heap after GC invocations=46 (full 4):
 PSYoungGen      total 203776K, used 0K [0x00000007eaa80000, 0x00000007fdd00000, 0x0000000800000000)
  eden space 187392K, 0% used [0x00000007eaa80000,0x00000007eaa80000,0x00000007f6180000)
  from space 16384K, 0% used [0x00000007f8f00000,0x00000007f8f00000,0x00000007f9f00000)
  to   space 46592K, 0% used [0x00000007f6180000,0x00000007f6180000,0x00000007f8f00000)
 ParOldGen       total 241664K, used 139382K [0x00000007c0000000, 0x00000007cec00000, 0x00000007eaa80000)
  object space 241664K, 57% used [0x00000007c0000000,0x00000007c881d8c0,0x00000007cec00000)
 PSPermGen       total 100352K, used 53525K [0x00000007b0000000, 0x00000007b6200000, 0x00000007c0000000)
  object space 100352K, 53% used [0x00000007b0000000,0x00000007b34457d0,0x00000007b6200000)
}
Event: 328.879 GC heap before
{Heap before GC invocations=47 (full 4):
 PSYoungGen      total 203776K, used 187392K [0x00000007eaa80000, 0x00000007fdd00000, 0x0000000800000000)
  eden space 187392K, 100% used [0x00000007eaa80000,0x00000007f6180000,0x00000007f6180000)
  from space 16384K, 0% used [0x00000007f8f00000,0x00000007f8f00000,0x00000007f9f00000)
  to   space 46592K, 0% used [0x00000007f6180000,0x00000007f6180000,0x00000007f8f00000)
 ParOldGen       total 241664K, used 139382K [0x00000007c0000000, 0x00000007cec00000, 0x00000007eaa80000)
  object space 241664K, 57% used [0x00000007c0000000,0x00000007c881d8c0,0x00000007cec00000)
 PSPermGen       total 100352K, used 54858K [0x00000007b0000000, 0x00000007b6200000, 0x00000007c0000000)
  object space 100352K, 54% used [0x00000007b0000000,0x00000007b3592840,0x00000007b6200000)
Event: 328.936 GC heap after
Heap after GC invocations=47 (full 4):
 PSYoungGen      total 233984K, used 33036K [0x00000007eaa80000, 0x00000007fd380000, 0x0000000800000000)
  eden space 187392K, 0% used [0x00000007eaa80000,0x00000007eaa80000,0x00000007f6180000)
  from space 46592K, 70% used [0x00000007f6180000,0x00000007f81c30f0,0x00000007f8f00000)
  to   space 50176K, 0% used [0x00000007fa280000,0x00000007fa280000,0x00000007fd380000)
 ParOldGen       total 241664K, used 139382K [0x00000007c0000000, 0x00000007cec00000, 0x00000007eaa80000)
  object space 241664K, 57% used [0x00000007c0000000,0x00000007c881d8c0,0x00000007cec00000)
 PSPermGen       total 100352K, used 54858K [0x00000007b0000000, 0x00000007b6200000, 0x00000007c0000000)
  object space 100352K, 54% used [0x00000007b0000000,0x00000007b3592840,0x00000007b6200000)
}
Event: 338.818 GC heap before
{Heap before GC invocations=48 (full 4):
 PSYoungGen      total 233984K, used 220428K [0x00000007eaa80000, 0x00000007fd380000, 0x0000000800000000)
  eden space 187392K, 100% used [0x00000007eaa80000,0x00000007f6180000,0x00000007f6180000)
  from space 46592K, 70% used [0x00000007f6180000,0x00000007f81c30f0,0x00000007f8f00000)
  to   space 50176K, 0% used [0x00000007fa280000,0x00000007fa280000,0x00000007fd380000)
 ParOldGen       total 241664K, used 139382K [0x00000007c0000000, 0x00000007cec00000, 0x00000007eaa80000)
  object space 241664K, 57% used [0x00000007c0000000,0x00000007c881d8c0,0x00000007cec00000)
 PSPermGen       total 100352K, used 55983K [0x00000007b0000000, 0x00000007b6200000, 0x00000007c0000000)
  object space 100352K, 55% used [0x00000007b0000000,0x00000007b36abf18,0x00000007b6200000)
Event: 338.906 GC heap after
Heap after GC invocations=48 (full 4):
 PSYoungGen      total 241664K, used 50173K [0x00000007eaa80000, 0x00000007feb00000, 0x0000000800000000)
  eden space 191488K, 0% used [0x00000007eaa80000,0x00000007eaa80000,0x00000007f6580000)
  from space 50176K, 99% used [0x00000007fa280000,0x00000007fd37f780,0x00000007fd380000)
  to   space 62464K, 0% used [0x00000007f6580000,0x00000007f6580000,0x00000007fa280000)
 ParOldGen       total 241664K, used 148998K [0x00000007c0000000, 0x00000007cec00000, 0x00000007eaa80000)
  object space 241664K, 61% used [0x00000007c0000000,0x00000007c91818b8,0x00000007cec00000)
 PSPermGen       total 100352K, used 55983K [0x00000007b0000000, 0x00000007b6200000, 0x00000007c0000000)
  object space 100352K, 55% used [0x00000007b0000000,0x00000007b36abf18,0x00000007b6200000)
}
Event: 339.768 GC heap before
{Heap before GC invocations=49 (full 4):
 PSYoungGen      total 241664K, used 241661K [0x00000007eaa80000, 0x00000007feb00000, 0x0000000800000000)
  eden space 191488K, 100% used [0x00000007eaa80000,0x00000007f6580000,0x00000007f6580000)
  from space 50176K, 99% used [0x00000007fa280000,0x00000007fd37f780,0x00000007fd380000)
  to   space 62464K, 0% used [0x00000007f6580000,0x00000007f6580000,0x00000007fa280000)
 ParOldGen       total 241664K, used 148998K [0x00000007c0000000, 0x00000007cec00000, 0x00000007eaa80000)
  object space 241664K, 61% used [0x00000007c0000000,0x00000007c91818b8,0x00000007cec00000)
 PSPermGen       total 100352K, used 56153K [0x00000007b0000000, 0x00000007b6200000, 0x00000007c0000000)
  object space 100352K, 55% used [0x00000007b0000000,0x00000007b36d6680,0x00000007b6200000)
Event: 339.920 GC heap after
Heap after GC invocations=49 (full 4):
 PSYoungGen      total 253952K, used 62464K [0x00000007eaa80000, 0x0000000800000000, 0x0000000800000000)
  eden space 191488K, 0% used [0x00000007eaa80000,0x00000007eaa80000,0x00000007f6580000)
  from space 62464K, 100% used [0x00000007f6580000,0x00000007fa280000,0x00000007fa280000)
  to   space 93696K, 0% used [0x00000007fa480000,0x00000007fa480000,0x0000000800000000)
 ParOldGen       total 241664K, used 204321K [0x00000007c0000000, 0x00000007cec00000, 0x00000007eaa80000)
  object space 241664K, 84% used [0x00000007c0000000,0x00000007cc788630,0x00000007cec00000)
 PSPermGen       total 100352K, used 56153K [0x00000007b0000000, 0x00000007b6200000, 0x00000007c0000000)
  object space 100352K, 55% used [0x00000007b0000000,0x00000007b36d6680,0x00000007b6200000)
}
Event: 339.920 GC heap before
{Heap before GC invocations=50 (full 5):
 PSYoungGen      total 253952K, used 62464K [0x00000007eaa80000, 0x0000000800000000, 0x0000000800000000)
  eden space 191488K, 0% used [0x00000007eaa80000,0x00000007eaa80000,0x00000007f6580000)
  from space 62464K, 100% used [0x00000007f6580000,0x00000007fa280000,0x00000007fa280000)
  to   space 93696K, 0% used [0x00000007fa480000,0x00000007fa480000,0x0000000800000000)
 ParOldGen       total 241664K, used 204321K [0x00000007c0000000, 0x00000007cec00000, 0x00000007eaa80000)
  object space 241664K, 84% used [0x00000007c0000000,0x00000007cc788630,0x00000007cec00000)
 PSPermGen       total 100352K, used 56153K [0x00000007b0000000, 0x00000007b6200000, 0x00000007c0000000)
  object space 100352K, 55% used [0x00000007b0000000,0x00000007b36d6680,0x00000007b6200000)

