# JRE version: Java(TM) SE Runtime Environment (7.0_79-b15) (build 1.7.0_79-b15)
# Java VM: Java HotSpot(TM) 64-Bit Server VM (24.79-b02 mixed mode bsd-amd64 compressed oops)
Heap
 PSYoungGen      total 233472K, used 233443K [0x00000007eaa80000, 0x0000000800000000, 0x0000000800000000)
  eden space 117248K, 100% used [0x00000007eaa80000,0x00000007f1d00000,0x00000007f1d00000)
  from space 116224K, 99% used [0x00000007f1d00000,0x00000007f8e78e20,0x00000007f8e80000)
  to   space 116224K, 99% used [0x00000007f8e80000,0x00000007ffffb558,0x0000000800000000)
 ParOldGen       total 698880K, used 304709K [0x00000007c0000000, 0x00000007eaa80000, 0x00000007eaa80000)
  object space 698880K, 43% used [0x00000007c0000000,0x00000007d29917b8,0x00000007eaa80000)
 PSPermGen       total 105472K, used 67548K [0x00000007b0000000, 0x00000007b6700000, 0x00000007c0000000)
  object space 105472K, 64% used [0x00000007b0000000,0x00000007b41f71e8,0x00000007b6700000)
GC Heap History (10 events):
Event: 1705.751 GC heap after
Heap after GC invocations=65 (full 7):
 PSYoungGen      total 207872K, used 64491K [0x00000007eaa80000, 0x0000000800000000, 0x0000000800000000)
  eden space 143360K, 0% used [0x00000007eaa80000,0x00000007eaa80000,0x00000007f3680000)
  from space 64512K, 99% used [0x00000007f9100000,0x00000007fcffae88,0x00000007fd000000)
  to   space 92672K, 0% used [0x00000007f3680000,0x00000007f3680000,0x00000007f9100000)
 ParOldGen       total 477696K, used 243960K [0x00000007c0000000, 0x00000007dd280000, 0x00000007eaa80000)
  object space 477696K, 51% used [0x00000007c0000000,0x00000007cee3e100,0x00000007dd280000)
 PSPermGen       total 105472K, used 66728K [0x00000007b0000000, 0x00000007b6700000, 0x00000007c0000000)
  object space 105472K, 63% used [0x00000007b0000000,0x00000007b412a100,0x00000007b6700000)
}
Event: 1706.676 GC heap before
{Heap before GC invocations=66 (full 7):
 PSYoungGen      total 207872K, used 207851K [0x00000007eaa80000, 0x0000000800000000, 0x0000000800000000)
  eden space 143360K, 100% used [0x00000007eaa80000,0x00000007f3680000,0x00000007f3680000)
  from space 64512K, 99% used [0x00000007f9100000,0x00000007fcffae88,0x00000007fd000000)
  to   space 92672K, 0% used [0x00000007f3680000,0x00000007f3680000,0x00000007f9100000)
 ParOldGen       total 477696K, used 243960K [0x00000007c0000000, 0x00000007dd280000, 0x00000007eaa80000)
  object space 477696K, 51% used [0x00000007c0000000,0x00000007cee3e100,0x00000007dd280000)
 PSPermGen       total 105472K, used 67498K [0x00000007b0000000, 0x00000007b6700000, 0x00000007c0000000)
  object space 105472K, 63% used [0x00000007b0000000,0x00000007b41ea9f8,0x00000007b6700000)
Event: 1706.789 GC heap after
Heap after GC invocations=66 (full 7):
 PSYoungGen      total 236032K, used 91764K [0x00000007eaa80000, 0x0000000800000000, 0x0000000800000000)
  eden space 143360K, 0% used [0x00000007eaa80000,0x00000007eaa80000,0x00000007f3680000)
  from space 92672K, 99% used [0x00000007f3680000,0x00000007f901d3d8,0x00000007f9100000)
  to   space 108032K, 0% used [0x00000007f9680000,0x00000007f9680000,0x0000000800000000)
 ParOldGen       total 477696K, used 244160K [0x00000007c0000000, 0x00000007dd280000, 0x00000007eaa80000)
  object space 477696K, 51% used [0x00000007c0000000,0x00000007cee70110,0x00000007dd280000)
 PSPermGen       total 105472K, used 67498K [0x00000007b0000000, 0x00000007b6700000, 0x00000007c0000000)
  object space 105472K, 63% used [0x00000007b0000000,0x00000007b41ea9f8,0x00000007b6700000)
}
Event: 1708.131 GC heap before
{Heap before GC invocations=67 (full 7):
 PSYoungGen      total 236032K, used 235124K [0x00000007eaa80000, 0x0000000800000000, 0x0000000800000000)
  eden space 143360K, 100% used [0x00000007eaa80000,0x00000007f3680000,0x00000007f3680000)
  from space 92672K, 99% used [0x00000007f3680000,0x00000007f901d3d8,0x00000007f9100000)
  to   space 108032K, 0% used [0x00000007f9680000,0x00000007f9680000,0x0000000800000000)
 ParOldGen       total 477696K, used 244160K [0x00000007c0000000, 0x00000007dd280000, 0x00000007eaa80000)
  object space 477696K, 51% used [0x00000007c0000000,0x00000007cee70110,0x00000007dd280000)
 PSPermGen       total 105472K, used 67542K [0x00000007b0000000, 0x00000007b6700000, 0x00000007c0000000)
  object space 105472K, 64% used [0x00000007b0000000,0x00000007b41f5948,0x00000007b6700000)
Event: 1708.244 GC heap after
Heap after GC invocations=67 (full 7):
 PSYoungGen      total 225280K, used 97128K [0x00000007eaa80000, 0x0000000800000000, 0x0000000800000000)
  eden space 117248K, 0% used [0x00000007eaa80000,0x00000007eaa80000,0x00000007f1d00000)
  from space 108032K, 89% used [0x00000007f9680000,0x00000007ff55a358,0x0000000800000000)
  to   space 116224K, 0% used [0x00000007f1d00000,0x00000007f1d00000,0x00000007f8e80000)
 ParOldGen       total 477696K, used 244160K [0x00000007c0000000, 0x00000007dd280000, 0x00000007eaa80000)
  object space 477696K, 51% used [0x00000007c0000000,0x00000007cee70110,0x00000007dd280000)
 PSPermGen       total 105472K, used 67542K [0x00000007b0000000, 0x00000007b6700000, 0x00000007c0000000)
  object space 105472K, 64% used [0x00000007b0000000,0x00000007b41f5948,0x00000007b6700000)
}
Event: 1713.245 GC heap before
{Heap before GC invocations=68 (full 7):
 PSYoungGen      total 225280K, used 214376K [0x00000007eaa80000, 0x0000000800000000, 0x0000000800000000)
  eden space 117248K, 100% used [0x00000007eaa80000,0x00000007f1d00000,0x00000007f1d00000)
  from space 108032K, 89% used [0x00000007f9680000,0x00000007ff55a358,0x0000000800000000)
  to   space 116224K, 0% used [0x00000007f1d00000,0x00000007f1d00000,0x00000007f8e80000)
 ParOldGen       total 477696K, used 244160K [0x00000007c0000000, 0x00000007dd280000, 0x00000007eaa80000)
  object space 477696K, 51% used [0x00000007c0000000,0x00000007cee70110,0x00000007dd280000)
 PSPermGen       total 105472K, used 67547K [0x00000007b0000000, 0x00000007b6700000, 0x00000007c0000000)
  object space 105472K, 64% used [0x00000007b0000000,0x00000007b41f6fe0,0x00000007b6700000)
Event: 1713.364 GC heap after
Heap after GC invocations=68 (full 7):
 PSYoungGen      total 233472K, used 116195K [0x00000007eaa80000, 0x0000000800000000, 0x0000000800000000)
  eden space 117248K, 0% used [0x00000007eaa80000,0x00000007eaa80000,0x00000007f1d00000)
  from space 116224K, 99% used [0x00000007f1d00000,0x00000007f8e78e20,0x00000007f8e80000)
  to   space 116224K, 0% used [0x00000007f8e80000,0x00000007f8e80000,0x0000000800000000)
 ParOldGen       total 477696K, used 257578K [0x00000007c0000000, 0x00000007dd280000, 0x00000007eaa80000)
  object space 477696K, 53% used [0x00000007c0000000,0x00000007cfb8a8c0,0x00000007dd280000)
 PSPermGen       total 105472K, used 67547K [0x00000007b0000000, 0x00000007b6700000, 0x00000007c0000000)
  object space 105472K, 64% used [0x00000007b0000000,0x00000007b41f6fe0,0x00000007b6700000)
}
Event: 1713.690 GC heap before
{Heap before GC invocations=69 (full 7):
 PSYoungGen      total 233472K, used 233443K [0x00000007eaa80000, 0x0000000800000000, 0x0000000800000000)
  eden space 117248K, 100% used [0x00000007eaa80000,0x00000007f1d00000,0x00000007f1d00000)
  from space 116224K, 99% used [0x00000007f1d00000,0x00000007f8e78e20,0x00000007f8e80000)
  to   space 116224K, 0% used [0x00000007f8e80000,0x00000007f8e80000,0x0000000800000000)
 ParOldGen       total 477696K, used 257578K [0x00000007c0000000, 0x00000007dd280000, 0x00000007eaa80000)
  object space 477696K, 53% used [0x00000007c0000000,0x00000007cfb8a8c0,0x00000007dd280000)
 PSPermGen       total 105472K, used 67548K [0x00000007b0000000, 0x00000007b6700000, 0x00000007c0000000)
  object space 105472K, 64% used [0x00000007b0000000,0x00000007b41f71e8,0x00000007b6700000)
Event: 1713.939 GC heap after
Heap after GC invocations=69 (full 7):
 PSYoungGen      total 233472K, used 233443K [0x00000007eaa80000, 0x0000000800000000, 0x0000000800000000)
  eden space 117248K, 100% used [0x00000007eaa80000,0x00000007f1d00000,0x00000007f1d00000)
  from space 116224K, 99% used [0x00000007f1d00000,0x00000007f8e78e20,0x00000007f8e80000)
  to   space 116224K, 99% used [0x00000007f8e80000,0x00000007ffffb558,0x0000000800000000)
 ParOldGen       total 698880K, used 304709K [0x00000007c0000000, 0x00000007eaa80000, 0x00000007eaa80000)
  object space 698880K, 43% used [0x00000007c0000000,0x00000007d29917b8,0x00000007eaa80000)
 PSPermGen       total 105472K, used 67548K [0x00000007b0000000, 0x00000007b6700000, 0x00000007c0000000)
  object space 105472K, 64% used [0x00000007b0000000,0x00000007b41f71e8,0x00000007b6700000)
}
Event: 1713.939 GC heap before
{Heap before GC invocations=70 (full 8):
 PSYoungGen      total 233472K, used 233443K [0x00000007eaa80000, 0x0000000800000000, 0x0000000800000000)
  eden space 117248K, 100% used [0x00000007eaa80000,0x00000007f1d00000,0x00000007f1d00000)
  from space 116224K, 99% used [0x00000007f1d00000,0x00000007f8e78e20,0x00000007f8e80000)
  to   space 116224K, 99% used [0x00000007f8e80000,0x00000007ffffb558,0x0000000800000000)
 ParOldGen       total 698880K, used 304709K [0x00000007c0000000, 0x00000007eaa80000, 0x00000007eaa80000)
  object space 698880K, 43% used [0x00000007c0000000,0x00000007d29917b8,0x00000007eaa80000)
 PSPermGen       total 105472K, used 67548K [0x00000007b0000000, 0x00000007b6700000, 0x00000007c0000000)
  object space 105472K, 64% used [0x00000007b0000000,0x00000007b41f71e8,0x00000007b6700000)

