# JRE version: OpenJDK Runtime Environment (8.0_112-b06) (build 1.8.0_112-release-b06)
# Java VM: OpenJDK 64-Bit Server VM (25.112-b06 mixed mode windows-amd64 compressed oops)
Heap:
 PSYoungGen      total 1090048K, used 121602K [0x000000076ab00000, 0x00000007baa00000, 0x00000007c0000000)
  eden space 987136K, 4% used [0x000000076ab00000,0x000000076d93da00,0x00000007a6f00000)
  from space 102912K, 72% used [0x00000007af980000,0x00000007b4202e60,0x00000007b5e00000)
  to   space 141824K, 0% used [0x00000007a6f00000,0x00000007a6f00000,0x00000007af980000)
 ParOldGen       total 343040K, used 174773K [0x00000006c0000000, 0x00000006d4f00000, 0x000000076ab00000)
  object space 343040K, 50% used [0x00000006c0000000,0x00000006caaad430,0x00000006d4f00000)
 Metaspace       used 6414K, capacity 7280K, committed 7552K, reserved 1056768K
  class space    used 584K, capacity 616K, committed 640K, reserved 1048576K
GC Heap History (10 events):
Event: 2.515 GC heap before
{Heap before GC invocations=5 (full 0):
 PSYoungGen      total 272896K, used 272880K [0x000000076ab00000, 0x000000077c000000, 0x00000007c0000000)
  eden space 262144K, 100% used [0x000000076ab00000,0x000000077ab00000,0x000000077ab00000)
  from space 10752K, 99% used [0x000000077b580000,0x000000077bffc208,0x000000077c000000)
  to   space 10752K, 0% used [0x000000077ab00000,0x000000077ab00000,0x000000077b580000)
 ParOldGen       total 175104K, used 32894K [0x00000006c0000000, 0x00000006cab00000, 0x000000076ab00000)
  object space 175104K, 18% used [0x00000006c0000000,0x00000006c201fb50,0x00000006cab00000)
 Metaspace       used 6357K, capacity 7280K, committed 7552K, reserved 1056768K
  class space    used 583K, capacity 616K, committed 640K, reserved 1048576K
Event: 2.590 GC heap after
Heap after GC invocations=5 (full 0):
 PSYoungGen      total 272896K, used 10724K [0x000000076ab00000, 0x0000000791800000, 0x00000007c0000000)
  eden space 262144K, 0% used [0x000000076ab00000,0x000000076ab00000,0x000000077ab00000)
  from space 10752K, 99% used [0x000000077ab00000,0x000000077b579380,0x000000077b580000)
  to   space 55808K, 0% used [0x000000078e180000,0x000000078e180000,0x0000000791800000)
 ParOldGen       total 175104K, used 71456K [0x00000006c0000000, 0x00000006cab00000, 0x000000076ab00000)
  object space 175104K, 40% used [0x00000006c0000000,0x00000006c45c8010,0x00000006cab00000)
 Metaspace       used 6357K, capacity 7280K, committed 7552K, reserved 1056768K
  class space    used 583K, capacity 616K, committed 640K, reserved 1048576K
}
Event: 3.258 GC heap before
{Heap before GC invocations=6 (full 0):
 PSYoungGen      total 272896K, used 272868K [0x000000076ab00000, 0x0000000791800000, 0x00000007c0000000)
  eden space 262144K, 100% used [0x000000076ab00000,0x000000077ab00000,0x000000077ab00000)
  from space 10752K, 99% used [0x000000077ab00000,0x000000077b579380,0x000000077b580000)
  to   space 55808K, 0% used [0x000000078e180000,0x000000078e180000,0x0000000791800000)
 ParOldGen       total 175104K, used 71456K [0x00000006c0000000, 0x00000006cab00000, 0x000000076ab00000)
  object space 175104K, 40% used [0x00000006c0000000,0x00000006c45c8010,0x00000006cab00000)
 Metaspace       used 6376K, capacity 7280K, committed 7552K, reserved 1056768K
  class space    used 583K, capacity 616K, committed 640K, reserved 1048576K
Event: 3.332 GC heap after
Heap after GC invocations=6 (full 0):
 PSYoungGen      total 568832K, used 51562K [0x000000076ab00000, 0x0000000792e00000, 0x00000007c0000000)
  eden space 513024K, 0% used [0x000000076ab00000,0x000000076ab00000,0x000000078a000000)
  from space 55808K, 92% used [0x000000078e180000,0x00000007913da9c8,0x0000000791800000)
  to   space 67072K, 0% used [0x000000078a000000,0x000000078a000000,0x000000078e180000)
 ParOldGen       total 175104K, used 71464K [0x00000006c0000000, 0x00000006cab00000, 0x000000076ab00000)
  object space 175104K, 40% used [0x00000006c0000000,0x00000006c45ca010,0x00000006cab00000)
 Metaspace       used 6376K, capacity 7280K, committed 7552K, reserved 1056768K
  class space    used 583K, capacity 616K, committed 640K, reserved 1048576K
}
Event: 4.465 GC heap before
{Heap before GC invocations=7 (full 0):
 PSYoungGen      total 568832K, used 564586K [0x000000076ab00000, 0x0000000792e00000, 0x00000007c0000000)
  eden space 513024K, 100% used [0x000000076ab00000,0x000000078a000000,0x000000078a000000)
  from space 55808K, 92% used [0x000000078e180000,0x00000007913da9c8,0x0000000791800000)
  to   space 67072K, 0% used [0x000000078a000000,0x000000078a000000,0x000000078e180000)
 ParOldGen       total 175104K, used 71464K [0x00000006c0000000, 0x00000006cab00000, 0x000000076ab00000)
  object space 175104K, 40% used [0x00000006c0000000,0x00000006c45ca010,0x00000006cab00000)
 Metaspace       used 6406K, capacity 7280K, committed 7552K, reserved 1056768K
  class space    used 584K, capacity 616K, committed 640K, reserved 1048576K
Event: 4.624 GC heap after
Heap after GC invocations=7 (full 0):
 PSYoungGen      total 580096K, used 67052K [0x000000076ab00000, 0x00000007b5e00000, 0x00000007c0000000)
  eden space 513024K, 0% used [0x000000076ab00000,0x000000076ab00000,0x000000078a000000)
  from space 67072K, 99% used [0x000000078a000000,0x000000078e17b2c8,0x000000078e180000)
  to   space 102912K, 0% used [0x00000007af980000,0x00000007af980000,0x00000007b5e00000)
 ParOldGen       total 175104K, used 114532K [0x00000006c0000000, 0x00000006cab00000, 0x000000076ab00000)
  object space 175104K, 65% used [0x00000006c0000000,0x00000006c6fd9160,0x00000006cab00000)
 Metaspace       used 6406K, capacity 7280K, committed 7552K, reserved 1056768K
  class space    used 584K, capacity 616K, committed 640K, reserved 1048576K
}
Event: 5.931 GC heap before
{Heap before GC invocations=8 (full 0):
 PSYoungGen      total 580096K, used 580076K [0x000000076ab00000, 0x00000007b5e00000, 0x00000007c0000000)
  eden space 513024K, 100% used [0x000000076ab00000,0x000000078a000000,0x000000078a000000)
  from space 67072K, 99% used [0x000000078a000000,0x000000078e17b2c8,0x000000078e180000)
  to   space 102912K, 0% used [0x00000007af980000,0x00000007af980000,0x00000007b5e00000)
 ParOldGen       total 175104K, used 114532K [0x00000006c0000000, 0x00000006cab00000, 0x000000076ab00000)
  object space 175104K, 65% used [0x00000006c0000000,0x00000006c6fd9160,0x00000006cab00000)
 Metaspace       used 6414K, capacity 7280K, committed 7552K, reserved 1056768K
  class space    used 584K, capacity 616K, committed 640K, reserved 1048576K
Event: 6.127 GC heap after
Heap after GC invocations=8 (full 0):
 PSYoungGen      total 1090048K, used 102882K [0x000000076ab00000, 0x00000007baa00000, 0x00000007c0000000)
  eden space 987136K, 0% used [0x000000076ab00000,0x000000076ab00000,0x00000007a6f00000)
  from space 102912K, 99% used [0x00000007af980000,0x00000007b5df8a70,0x00000007b5e00000)
  to   space 141824K, 0% used [0x00000007a6f00000,0x00000007a6f00000,0x00000007af980000)
 ParOldGen       total 175104K, used 156975K [0x00000006c0000000, 0x00000006cab00000, 0x000000076ab00000)
  object space 175104K, 89% used [0x00000006c0000000,0x00000006c994bdb8,0x00000006cab00000)
 Metaspace       used 6414K, capacity 7280K, committed 7552K, reserved 1056768K
  class space    used 584K, capacity 616K, committed 640K, reserved 1048576K
}
Event: 6.127 GC heap before
{Heap before GC invocations=9 (full 1):
 PSYoungGen      total 1090048K, used 102882K [0x000000076ab00000, 0x00000007baa00000, 0x00000007c0000000)
  eden space 987136K, 0% used [0x000000076ab00000,0x000000076ab00000,0x00000007a6f00000)
  from space 102912K, 99% used [0x00000007af980000,0x00000007b5df8a70,0x00000007b5e00000)
  to   space 141824K, 0% used [0x00000007a6f00000,0x00000007a6f00000,0x00000007af980000)
 ParOldGen       total 175104K, used 156975K [0x00000006c0000000, 0x00000006cab00000, 0x000000076ab00000)
  object space 175104K, 89% used [0x00000006c0000000,0x00000006c994bdb8,0x00000006cab00000)
 Metaspace       used 6414K, capacity 7280K, committed 7552K, reserved 1056768K
  class space    used 584K, capacity 616K, committed 640K, reserved 1048576K
Event: 7.501 GC heap after
Heap after GC invocations=9 (full 1):
 PSYoungGen      total 1090048K, used 74251K [0x000000076ab00000, 0x00000007baa00000, 0x00000007c0000000)
  eden space 987136K, 0% used [0x000000076ab00000,0x000000076ab00000,0x00000007a6f00000)
  from space 102912K, 72% used [0x00000007af980000,0x00000007b4202e60,0x00000007b5e00000)
  to   space 141824K, 0% used [0x00000007a6f00000,0x00000007a6f00000,0x00000007af980000)
 ParOldGen       total 343040K, used 174773K [0x00000006c0000000, 0x00000006d4f00000, 0x000000076ab00000)
  object space 343040K, 50% used [0x00000006c0000000,0x00000006caaad430,0x00000006d4f00000)
 Metaspace       used 6414K, capacity 7280K, committed 7552K, reserved 1056768K
  class space    used 584K, capacity 616K, committed 640K, reserved 1048576K
}

